[0.054s] Invoking command in '/home/entity014/ABU_new_ws/build/rabbit_interfaces': /home/entity014/.local/bin/cmake /home/entity014/ABU_new_ws/src/rabbit_interfaces -DCMAKE_INSTALL_PREFIX=/home/entity014/ABU_new_ws/install/rabbit_interfaces
[0.122s] -- Found ament_cmake: 0.9.11 (/opt/ros/foxy/share/ament_cmake/cmake)
[0.160s] -- Found PythonInterp: /usr/bin/python3 (found suitable version "3.8.10", minimum required is "3") 
[0.160s] -- Using PYTHON_EXECUTABLE: /usr/bin/python3
[0.585s] -- Found rosidl_default_generators: 1.0.1 (/opt/ros/foxy/share/rosidl_default_generators/cmake)
[0.591s] -- Using all available rosidl_typesupport_c: rosidl_typesupport_fastrtps_c;rosidl_typesupport_introspection_c
[0.597s] -- Found rosidl_adapter: 1.3.0 (/opt/ros/foxy/share/rosidl_adapter/cmake)
[0.912s] -- Using all available rosidl_typesupport_cpp: rosidl_typesupport_fastrtps_cpp;rosidl_typesupport_introspection_cpp
[0.989s] -- Found PythonInterp: /usr/bin/python3 (found version "3.8.10") 
[1.188s] Error parsing '/home/entity014/ABU_new_ws/src/rabbit_interfaces/package.xml':
[1.376s] Traceback (most recent call last):
[1.376s]   File "/usr/lib/python3/dist-packages/catkin_pkg/package.py", line 610, in parse_package_string
[1.376s]     root = dom.parseString(data)
[1.377s]   File "/usr/lib/python3.8/xml/dom/minidom.py", line 1969, in parseString
[1.377s]     return expatbuilder.parseString(string)
[1.377s]   File "/usr/lib/python3.8/xml/dom/expatbuilder.py", line 925, in parseString
[1.377s]     return builder.parseString(string)
[1.377s]   File "/usr/lib/python3.8/xml/dom/expatbuilder.py", line 223, in parseString
[1.378s]     parser.Parse(string, True)
[1.378s] xml.parsers.expat.ExpatError: mismatched tag: line 11, column 47
[1.378s] 
[1.378s] During handling of the above exception, another exception occurred:
[1.378s] 
[1.378s] Traceback (most recent call last):
[1.379s]   File "/opt/ros/foxy/share/ament_cmake_core/cmake/core/package_xml_2_cmake.py", line 143, in <module>
[1.379s]     main()
[1.379s]   File "/opt/ros/foxy/share/ament_cmake_core/cmake/core/package_xml_2_cmake.py", line 52, in main
[1.379s]     raise e
[1.379s]   File "/opt/ros/foxy/share/ament_cmake_core/cmake/core/package_xml_2_cmake.py", line 48, in main
[1.379s]     package = parse_package_string(
[1.380s]   File "/usr/lib/python3/dist-packages/catkin_pkg/package.py", line 612, in parse_package_string
[1.380s]     raise InvalidPackage('The manifest contains invalid XML:\n%s' % ex, filename)
[1.380s] catkin_pkg.package.InvalidPackage: Error(s) in package '/home/entity014/ABU_new_ws/src/rabbit_interfaces/package.xml':
[1.380s] The manifest contains invalid XML:
[1.380s] mismatched tag: line 11, column 47
[1.408s] [31mCMake Error at /opt/ros/foxy/share/ament_cmake_core/cmake/core/ament_package_xml.cmake:94 (message):
[1.408s]   execute_process(/usr/bin/python3
[1.409s]   /opt/ros/foxy/share/ament_cmake_core/cmake/core/package_xml_2_cmake.py
[1.409s]   /home/entity014/ABU_new_ws/src/rabbit_interfaces/package.xml
[1.409s]   /home/entity014/ABU_new_ws/build/rabbit_interfaces/ament_cmake_core/package.cmake)
[1.409s]   returned error code 1
[1.409s] Call Stack (most recent call first):
[1.409s]   /opt/ros/foxy/share/ament_cmake_core/cmake/core/ament_package_xml.cmake:49 (_ament_package_xml)
[1.409s]   /opt/ros/foxy/share/rosidl_cmake/cmake/rosidl_generate_interfaces.cmake:226 (ament_package_xml)
[1.409s]   CMakeLists.txt:22 (rosidl_generate_interfaces)
[1.409s] 
[1.410s] [0m
[1.410s] -- Configuring incomplete, errors occurred!
[1.423s] Invoked command in '/home/entity014/ABU_new_ws/build/rabbit_interfaces' returned '1': /home/entity014/.local/bin/cmake /home/entity014/ABU_new_ws/src/rabbit_interfaces -DCMAKE_INSTALL_PREFIX=/home/entity014/ABU_new_ws/install/rabbit_interfaces
